<?xml version="1.0" encoding="UTF-8"?>
<testng-results ignored="0" total="1" passed="1" failed="0" skipped="0">
  <reporter-output>
  </reporter-output>
  <suite started-at="2026-04-07T19:47:19 IST" name="Surefire suite" finished-at="2026-04-07T19:47:26 IST" duration-ms="7148">
    <groups>
    </groups>
    <test started-at="2026-04-07T19:47:19 IST" name="Surefire test" finished-at="2026-04-07T19:47:26 IST" duration-ms="7148">
      <class name="CanteenTest">
        <test-method signature="testDeployedApp()[pri:0, instance:CanteenTest@11a9e7c8]" started-at="2026-04-07T19:47:19 IST" name="testDeployedApp" finished-at="2026-04-07T19:47:26 IST" duration-ms="7079" status="PASS">
          <reporter-output>
          </reporter-output>
        </test-method> <!-- testDeployedApp -->
      </class> <!-- CanteenTest -->
    </test> <!-- Surefire test -->
  </suite> <!-- Surefire suite -->
</testng-results>
